Change Component Footprint: Designator=P2 Old Footprint=SMTC-TSM-110-01-X-DV New Footprint=SMTC-FTSH-110-01-L-DV_V
Change Component Comment : Designator=P2 Old Comment=TSM-110-01-L-DV New Comment=FTSH-110-01-L-DV
Change Managed Component Library Link : Designator=P2 Old VaultGUID=B7D15EC3-160A-466F-A46C-7801FE6295A7 New VaultGUID=B7D15EC3-160A-466F-A46C-7801FE6295A7 Old ItemGUID=940F998C-A3C7-4303-9545-F5408A926E76 New ItemGUID=F844F610-805B-4DE8-885F-D3B2AF867B9F Old RevisionGUID=F93DCE00-D6CB-44A3-A281-97765AB32A45 New RevisionGUID=4146C66E-CAD1-4783-AE79-9B2E083A02E7
Change component parameters: Designator = "C61" ("C61"); Footprint = "CAPC0603(1608)100_L"; UniqueID = "\MGBGXGAJ\SSTVMHAN" ("\MGBGXGAJ\SSTVMHAN")
Change component parameters (AddParameter): Name = "Capacitor Type"; Value = ""; VariantName = "[No Variations]"
Change component parameters (AddParameter): Name = "Case/Package"; Value = "0603"; VariantName = "[No Variations]"
Change component parameters (AddParameter): Name = "Max Operating Temperature"; Value = "85°C"; VariantName = "[No Variations]"
Change component parameters (AddParameter): Name = "Min Operating Temperature"; Value = "-55°C"; VariantName = "[No Variations]"
Change component parameters (AddParameter): Name = "Mounting Technology"; Value = "SMT"; VariantName = "[No Variations]"
Change component parameters (AddParameter): Name = "Pins"; Value = "2"; VariantName = "[No Variations]"
Change component parameters (AddParameter): Name = "Ripple Current"; Value = ""; VariantName = "[No Variations]"
Change component parameters (AddParameter): Name = "Ripple Current (AC)"; Value = ""; VariantName = "[No Variations]"
Change component parameters (AddParameter): Name = "RoHS Compliant"; Value = ""; VariantName = "[No Variations]"
Change component parameters (AddParameter): Name = "Tolerance"; Value = "10%"; VariantName = "[No Variations]"
Change component parameters (AddParameter): Name = "Value"; Value = "xxx"; VariantName = "[No Variations]"
Change component parameters (AddParameter): Name = "Voltage Rating"; Value = "25V"; VariantName = "[No Variations]"
Change component parameters: Designator = "C62" ("C62"); Footprint = "CAPC0603(1608)100_L"; UniqueID = "\MGBGXGAJ\SQVVKGDF" ("\MGBGXGAJ\SQVVKGDF")
Change component parameters (AddParameter): Name = "Capacitor Type"; Value = ""; VariantName = "[No Variations]"
Change component parameters (AddParameter): Name = "Case/Package"; Value = "0603"; VariantName = "[No Variations]"
Change component parameters (AddParameter): Name = "Max Operating Temperature"; Value = "85°C"; VariantName = "[No Variations]"
Change component parameters (AddParameter): Name = "Min Operating Temperature"; Value = "-55°C"; VariantName = "[No Variations]"
Change component parameters (AddParameter): Name = "Mounting Technology"; Value = "SMT"; VariantName = "[No Variations]"
Change component parameters (AddParameter): Name = "Pins"; Value = "2"; VariantName = "[No Variations]"
Change component parameters (AddParameter): Name = "Ripple Current"; Value = ""; VariantName = "[No Variations]"
Change component parameters (AddParameter): Name = "Ripple Current (AC)"; Value = ""; VariantName = "[No Variations]"
Change component parameters (AddParameter): Name = "RoHS Compliant"; Value = ""; VariantName = "[No Variations]"
Change component parameters (AddParameter): Name = "Tolerance"; Value = "10%"; VariantName = "[No Variations]"
Change component parameters (AddParameter): Name = "Value"; Value = "xxx"; VariantName = "[No Variations]"
Change component parameters (AddParameter): Name = "Voltage Rating"; Value = "25V"; VariantName = "[No Variations]"
Change component parameters: Designator = "C63" ("C63"); Footprint = "CAPC0603(1608)100_L"; UniqueID = "\MGBGXGAJ\ZHMXFIRU" ("\MGBGXGAJ\ZHMXFIRU")
Change component parameters (AddParameter): Name = "Capacitor Type"; Value = ""; VariantName = "[No Variations]"
Change component parameters (AddParameter): Name = "Case/Package"; Value = "0603"; VariantName = "[No Variations]"
Change component parameters (AddParameter): Name = "Max Operating Temperature"; Value = "85°C"; VariantName = "[No Variations]"
Change component parameters (AddParameter): Name = "Min Operating Temperature"; Value = "-55°C"; VariantName = "[No Variations]"
Change component parameters (AddParameter): Name = "Mounting Technology"; Value = "SMT"; VariantName = "[No Variations]"
Change component parameters (AddParameter): Name = "Pins"; Value = "2"; VariantName = "[No Variations]"
Change component parameters (AddParameter): Name = "Ripple Current"; Value = ""; VariantName = "[No Variations]"
Change component parameters (AddParameter): Name = "Ripple Current (AC)"; Value = ""; VariantName = "[No Variations]"
Change component parameters (AddParameter): Name = "RoHS Compliant"; Value = ""; VariantName = "[No Variations]"
Change component parameters (AddParameter): Name = "Tolerance"; Value = "10%"; VariantName = "[No Variations]"
Change component parameters (AddParameter): Name = "Value"; Value = "xxx"; VariantName = "[No Variations]"
Change component parameters (AddParameter): Name = "Voltage Rating"; Value = "25V"; VariantName = "[No Variations]"
Change component parameters: Designator = "C64" ("C64"); Footprint = "CAPC0603(1608)100_L"; UniqueID = "\MGBGXGAJ\PXGZAZLX" ("\MGBGXGAJ\PXGZAZLX")
Change component parameters (AddParameter): Name = "Capacitor Type"; Value = ""; VariantName = "[No Variations]"
Change component parameters (AddParameter): Name = "Case/Package"; Value = "0603"; VariantName = "[No Variations]"
Change component parameters (AddParameter): Name = "Max Operating Temperature"; Value = "85°C"; VariantName = "[No Variations]"
Change component parameters (AddParameter): Name = "Min Operating Temperature"; Value = "-55°C"; VariantName = "[No Variations]"
Change component parameters (AddParameter): Name = "Mounting Technology"; Value = "SMT"; VariantName = "[No Variations]"
Change component parameters (AddParameter): Name = "Pins"; Value = "2"; VariantName = "[No Variations]"
Change component parameters (AddParameter): Name = "Ripple Current"; Value = ""; VariantName = "[No Variations]"
Change component parameters (AddParameter): Name = "Ripple Current (AC)"; Value = ""; VariantName = "[No Variations]"
Change component parameters (AddParameter): Name = "RoHS Compliant"; Value = ""; VariantName = "[No Variations]"
Change component parameters (AddParameter): Name = "Tolerance"; Value = "10%"; VariantName = "[No Variations]"
Change component parameters (AddParameter): Name = "Value"; Value = "xxx"; VariantName = "[No Variations]"
Change component parameters (AddParameter): Name = "Voltage Rating"; Value = "25V"; VariantName = "[No Variations]"
Change component parameters: Designator = "C65" ("C65"); Footprint = "CAPC0603(1608)100_L"; UniqueID = "\MGBGXGAJ\DUPTOCKY" ("\MGBGXGAJ\DUPTOCKY")
Change component parameters (AddParameter): Name = "Capacitor Type"; Value = ""; VariantName = "[No Variations]"
Change component parameters (AddParameter): Name = "Case/Package"; Value = "0603"; VariantName = "[No Variations]"
Change component parameters (AddParameter): Name = "Max Operating Temperature"; Value = "85°C"; VariantName = "[No Variations]"
Change component parameters (AddParameter): Name = "Min Operating Temperature"; Value = "-55°C"; VariantName = "[No Variations]"
Change component parameters (AddParameter): Name = "Mounting Technology"; Value = "SMT"; VariantName = "[No Variations]"
Change component parameters (AddParameter): Name = "Pins"; Value = "2"; VariantName = "[No Variations]"
Change component parameters (AddParameter): Name = "Ripple Current"; Value = ""; VariantName = "[No Variations]"
Change component parameters (AddParameter): Name = "Ripple Current (AC)"; Value = ""; VariantName = "[No Variations]"
Change component parameters (AddParameter): Name = "RoHS Compliant"; Value = ""; VariantName = "[No Variations]"
Change component parameters (AddParameter): Name = "Tolerance"; Value = "10%"; VariantName = "[No Variations]"
Change component parameters (AddParameter): Name = "Value"; Value = "xxx"; VariantName = "[No Variations]"
Change component parameters (AddParameter): Name = "Voltage Rating"; Value = "25V"; VariantName = "[No Variations]"
Change component parameters: Designator = "C66" ("C66"); Footprint = "CAPC0603(1608)100_L"; UniqueID = "\MGBGXGAJ\TRHCTZQD" ("\MGBGXGAJ\TRHCTZQD")
Change component parameters (AddParameter): Name = "Capacitor Type"; Value = ""; VariantName = "[No Variations]"
Change component parameters (AddParameter): Name = "Case/Package"; Value = "0603"; VariantName = "[No Variations]"
Change component parameters (AddParameter): Name = "Max Operating Temperature"; Value = "85°C"; VariantName = "[No Variations]"
Change component parameters (AddParameter): Name = "Min Operating Temperature"; Value = "-55°C"; VariantName = "[No Variations]"
Change component parameters (AddParameter): Name = "Mounting Technology"; Value = "SMT"; VariantName = "[No Variations]"
Change component parameters (AddParameter): Name = "Pins"; Value = "2"; VariantName = "[No Variations]"
Change component parameters (AddParameter): Name = "Ripple Current"; Value = ""; VariantName = "[No Variations]"
Change component parameters (AddParameter): Name = "Ripple Current (AC)"; Value = ""; VariantName = "[No Variations]"
Change component parameters (AddParameter): Name = "RoHS Compliant"; Value = ""; VariantName = "[No Variations]"
Change component parameters (AddParameter): Name = "Tolerance"; Value = "10%"; VariantName = "[No Variations]"
Change component parameters (AddParameter): Name = "Value"; Value = "xxx"; VariantName = "[No Variations]"
Change component parameters (AddParameter): Name = "Voltage Rating"; Value = "25V"; VariantName = "[No Variations]"
Change component parameters: Designator = "C67" ("C67"); Footprint = "CAPC0603(1608)100_L"; UniqueID = "\MGBGXGAJ\PDNDEYKO" ("\MGBGXGAJ\PDNDEYKO")
Change component parameters (AddParameter): Name = "Capacitor Type"; Value = ""; VariantName = "[No Variations]"
Change component parameters (AddParameter): Name = "Case/Package"; Value = "0603"; VariantName = "[No Variations]"
Change component parameters (AddParameter): Name = "Max Operating Temperature"; Value = "85°C"; VariantName = "[No Variations]"
Change component parameters (AddParameter): Name = "Min Operating Temperature"; Value = "-55°C"; VariantName = "[No Variations]"
Change component parameters (AddParameter): Name = "Mounting Technology"; Value = "SMT"; VariantName = "[No Variations]"
Change component parameters (AddParameter): Name = "Pins"; Value = "2"; VariantName = "[No Variations]"
Change component parameters (AddParameter): Name = "Ripple Current"; Value = ""; VariantName = "[No Variations]"
Change component parameters (AddParameter): Name = "Ripple Current (AC)"; Value = ""; VariantName = "[No Variations]"
Change component parameters (AddParameter): Name = "RoHS Compliant"; Value = ""; VariantName = "[No Variations]"
Change component parameters (AddParameter): Name = "Tolerance"; Value = "10%"; VariantName = "[No Variations]"
Change component parameters (AddParameter): Name = "Value"; Value = "xxx"; VariantName = "[No Variations]"
Change component parameters (AddParameter): Name = "Voltage Rating"; Value = "25V"; VariantName = "[No Variations]"
Change component parameters: Designator = "C68" ("C68"); Footprint = "CAPC0603(1608)100_L"; UniqueID = "\MGBGXGAJ\VGUCRSAN" ("\MGBGXGAJ\VGUCRSAN")
Change component parameters (AddParameter): Name = "Capacitor Type"; Value = ""; VariantName = "[No Variations]"
Change component parameters (AddParameter): Name = "Case/Package"; Value = "0603"; VariantName = "[No Variations]"
Change component parameters (AddParameter): Name = "Max Operating Temperature"; Value = "85°C"; VariantName = "[No Variations]"
Change component parameters (AddParameter): Name = "Min Operating Temperature"; Value = "-55°C"; VariantName = "[No Variations]"
Change component parameters (AddParameter): Name = "Mounting Technology"; Value = "SMT"; VariantName = "[No Variations]"
Change component parameters (AddParameter): Name = "Pins"; Value = "2"; VariantName = "[No Variations]"
Change component parameters (AddParameter): Name = "Ripple Current"; Value = ""; VariantName = "[No Variations]"
Change component parameters (AddParameter): Name = "Ripple Current (AC)"; Value = ""; VariantName = "[No Variations]"
Change component parameters (AddParameter): Name = "RoHS Compliant"; Value = ""; VariantName = "[No Variations]"
Change component parameters (AddParameter): Name = "Tolerance"; Value = "10%"; VariantName = "[No Variations]"
Change component parameters (AddParameter): Name = "Value"; Value = "xxx"; VariantName = "[No Variations]"
Change component parameters (AddParameter): Name = "Voltage Rating"; Value = "25V"; VariantName = "[No Variations]"
Change component parameters: Designator = "C69" ("C69"); Footprint = "CAPC0603(1608)100_L"; UniqueID = "\MGBGXGAJ\HWHCPWQM" ("\MGBGXGAJ\HWHCPWQM")
Change component parameters (AddParameter): Name = "Capacitor Type"; Value = ""; VariantName = "[No Variations]"
Change component parameters (AddParameter): Name = "Case/Package"; Value = "0603"; VariantName = "[No Variations]"
Change component parameters (AddParameter): Name = "Max Operating Temperature"; Value = "85°C"; VariantName = "[No Variations]"
Change component parameters (AddParameter): Name = "Min Operating Temperature"; Value = "-55°C"; VariantName = "[No Variations]"
Change component parameters (AddParameter): Name = "Mounting Technology"; Value = "SMT"; VariantName = "[No Variations]"
Change component parameters (AddParameter): Name = "Pins"; Value = "2"; VariantName = "[No Variations]"
Change component parameters (AddParameter): Name = "Ripple Current"; Value = ""; VariantName = "[No Variations]"
Change component parameters (AddParameter): Name = "Ripple Current (AC)"; Value = ""; VariantName = "[No Variations]"
Change component parameters (AddParameter): Name = "RoHS Compliant"; Value = ""; VariantName = "[No Variations]"
Change component parameters (AddParameter): Name = "Tolerance"; Value = "10%"; VariantName = "[No Variations]"
Change component parameters (AddParameter): Name = "Value"; Value = "xxx"; VariantName = "[No Variations]"
Change component parameters (AddParameter): Name = "Voltage Rating"; Value = "25V"; VariantName = "[No Variations]"
Change component parameters: Designator = "C70" ("C70"); Footprint = "CAPC0603(1608)100_L"; UniqueID = "\MGBGXGAJ\XABNTQIX" ("\MGBGXGAJ\XABNTQIX")
Change component parameters (AddParameter): Name = "Capacitor Type"; Value = ""; VariantName = "[No Variations]"
Change component parameters (AddParameter): Name = "Case/Package"; Value = "0603"; VariantName = "[No Variations]"
Change component parameters (AddParameter): Name = "Max Operating Temperature"; Value = "85°C"; VariantName = "[No Variations]"
Change component parameters (AddParameter): Name = "Min Operating Temperature"; Value = "-55°C"; VariantName = "[No Variations]"
Change component parameters (AddParameter): Name = "Mounting Technology"; Value = "SMT"; VariantName = "[No Variations]"
Change component parameters (AddParameter): Name = "Pins"; Value = "2"; VariantName = "[No Variations]"
Change component parameters (AddParameter): Name = "Ripple Current"; Value = ""; VariantName = "[No Variations]"
Change component parameters (AddParameter): Name = "Ripple Current (AC)"; Value = ""; VariantName = "[No Variations]"
Change component parameters (AddParameter): Name = "RoHS Compliant"; Value = ""; VariantName = "[No Variations]"
Change component parameters (AddParameter): Name = "Tolerance"; Value = "10%"; VariantName = "[No Variations]"
Change component parameters (AddParameter): Name = "Value"; Value = "xxx"; VariantName = "[No Variations]"
Change component parameters (AddParameter): Name = "Voltage Rating"; Value = "25V"; VariantName = "[No Variations]"
Change component parameters: Designator = "P2" ("P2"); Footprint = "SMTC-TSM-110-01-X-DV"; UniqueID = "\RGBHHBAK\JNVEAIUV" ("\RGBHHBAK\JNVEAIUV")
Change component parameters (AddParameter): Name = "Catalog Drawings"; Value = "FTSHSeriesFTSHSeriesSMTSide"; VariantName = "[No Variations]"
Change component parameters (AddParameter): Name = "Category"; Value = "Connectors,Interconnects"; VariantName = "[No Variations]"
Change component parameters (AddParameter): Name = "Color"; Value = "Black"; VariantName = "[No Variations]"
Change component parameters (AddParameter): Name = "Connector Type"; Value = "Header,Unshrouded"; VariantName = "[No Variations]"
Change component parameters (AddParameter): Name = "Contact Finish"; Value = "Gold"; VariantName = "[No Variations]"
Change component parameters (AddParameter): Name = "Contact Finish Thickness"; Value = "10µin(0.25µm)"; VariantName = "[No Variations]"
Change component parameters (AddParameter): Name = "Contact Mating Length"; Value = "0.120"(3.05mm)"; VariantName = "[No Variations]"
Change component parameters (AddParameter): Name = "Contact Type"; Value = "MalePin"; VariantName = "[No Variations]"
Change component parameters (AddParameter): Name = "Datasheet URL"; Value = "http://suddendocs.samtec.com/catalog_english/ftsh_smt.pdf"; VariantName = "[No Variations]"
Change component parameters (AddParameter): Name = "Datasheet Version"; Value = "F-215 , 02/2016"; VariantName = "[No Variations]"
Change component parameters (AddParameter): Name = "EDA / CAD Models"; Value = "DownloadfromAcceleratedDesigns"; VariantName = "[No Variations]"
Change component parameters (AddParameter): Name = "Family"; Value = "RectangularConnectors-Headers,MalePins"; VariantName = "[No Variations]"
Change component parameters (AddParameter): Name = "Fastening Type"; Value = "-"; VariantName = "[No Variations]"
Change component parameters (AddParameter): Name = "Featured Product"; Value = "Board-To-BoardInterconnectSystems"; VariantName = "[No Variations]"
Change component parameters (AddParameter): Name = "Features"; Value = "-"; VariantName = "[No Variations]"
Change component parameters (AddParameter): Name = "Manufacturer"; Value = "Samtec"; VariantName = "[No Variations]"
Change component parameters (AddParameter): Name = "Manufacturer URL"; Value = "http://www.samtec.com/"; VariantName = "[No Variations]"
Change component parameters (AddParameter): Name = "Mating Products"; Value = "SAM9021-ND-CONNRECEPT20POS.50"SMTFLE-110-01-G-DV-TR-ND-CONNSKT1.27MM20POSDUALSMDFLE-110-01-G-DV-K-TR-ND-CONNSKT1.27MM20POSDUALSMDFLE-110-01-G-DV-A-K-TR-ND-CONNSKT1.27MM20POSDUALSMDSFMC-110-L2-S-D-P-TR-ND-CONN.05"SURFACE20POSSMTSAM1153-10-ND-CONNRCPT20POSDUAL.05"SMDSAM1155-10-ND-CONNRCPT20POSDUAL.05"SMDSAM1154-10-ND-CONNRCPT20POSDUAL.05"SMDSFMC-110-L3-S-D-ND-CONN.05"SURFACE20POSSTRAIGHTSFMC-110-02-S-D-ND-CONN.05"SURFACE20POSSMTSAM1226-10-ND-CONNRCPT.05"20POSDUALSMD"; VariantName = "[No Variations]"
Change component parameters (AddParameter): Name = "Mounting Technology"; Value = "SurfaceMount"; VariantName = "[No Variations]"
Change component parameters (AddParameter): Name = "Mounting Type"; Value = "SurfaceMount"; VariantName = "[No Variations]"
Change component parameters (AddParameter): Name = "Number of Positions"; Value = "20"; VariantName = "[No Variations]"
Change component parameters (AddParameter): Name = "Number of Positions Loaded"; Value = "All"; VariantName = "[No Variations]"
Change component parameters (AddParameter): Name = "Number of Rows"; Value = "2"; VariantName = "[No Variations]"
Change component parameters (AddParameter): Name = "Online Catalog"; Value = "FTSHSeries"; VariantName = "[No Variations]"
Change component parameters (AddParameter): Name = "Other Names"; Value = "SAM1161-10"; VariantName = "[No Variations]"
Change component parameters (AddParameter): Name = "Package Description"; Value = "Male Header, Pitch 1.27 mm, 2 x 10 Position, Height 6.1 mm"; VariantName = "[No Variations]"
Change component parameters (AddParameter): Name = "Package Reference"; Value = "FTSH-110-01-L-DV"; VariantName = "[No Variations]"
Change component parameters (AddParameter): Name = "Package URL"; Value = "http://suddendocs.samtec.com/prints/ftsh-1xx-xx-xxx-dv-xxx-xxx-mkt.pdf"; VariantName = "[No Variations]"
Change component parameters (AddParameter): Name = "Packaging"; Value = "Bulk"; VariantName = "[No Variations]"
Change component parameters (AddParameter): Name = "Pitch"; Value = "0.050"(1.27mm)"; VariantName = "[No Variations]"
Change component parameters (AddParameter): Name = "Product Training Modules"; Value = "Board-to-BoardConnectors"; VariantName = "[No Variations]"
Change component parameters (AddParameter): Name = "Row Spacing"; Value = "0.050"(1.27mm)"; VariantName = "[No Variations]"
Change component parameters (AddParameter): Name = "Series"; Value = "FTSH"; VariantName = "[No Variations]"
Change component parameters (AddParameter): Name = "Standard Package"; Value = "1"; VariantName = "[No Variations]"
Change component parameters (AddParameter): Name = "Termination"; Value = "Solder"; VariantName = "[No Variations]"
Change component parameters: Designator = "R13" ("R13"); Footprint = "RESC0603(1608)_L"; UniqueID = "\MGBGXGAJ\NNDCCVRR" ("\MGBGXGAJ\NNDCCVRR")
Change component parameters (AddParameter): Name = "Case/Package"; Value = "0603"; VariantName = "[No Variations]"
Change component parameters (AddParameter): Name = "Max Operating Temperature"; Value = ""; VariantName = "[No Variations]"
Change component parameters (AddParameter): Name = "Min Operating Temperature"; Value = ""; VariantName = "[No Variations]"
Change component parameters (AddParameter): Name = "Mounting Technology"; Value = "SMT"; VariantName = "[No Variations]"
Change component parameters (AddParameter): Name = "Pins"; Value = "2"; VariantName = "[No Variations]"
Change component parameters (AddParameter): Name = "Power"; Value = "100mW"; VariantName = "[No Variations]"
Change component parameters (AddParameter): Name = "RoHS Compliant"; Value = ""; VariantName = "[No Variations]"
Change component parameters (AddParameter): Name = "Tolerance"; Value = "5%"; VariantName = "[No Variations]"
Change component parameters (AddParameter): Name = "Value"; Value = "10k"; VariantName = "[No Variations]"
Change component parameters (AddParameter): Name = "Voltage Rating"; Value = ""; VariantName = "[No Variations]"
Change component parameters: Designator = "R14" ("R14"); Footprint = "RESC0603(1608)_L"; UniqueID = "\MGBGXGAJ\DFBBHHNU" ("\MGBGXGAJ\DFBBHHNU")
Change component parameters (AddParameter): Name = "Case/Package"; Value = "0603"; VariantName = "[No Variations]"
Change component parameters (AddParameter): Name = "Max Operating Temperature"; Value = ""; VariantName = "[No Variations]"
Change component parameters (AddParameter): Name = "Min Operating Temperature"; Value = ""; VariantName = "[No Variations]"
Change component parameters (AddParameter): Name = "Mounting Technology"; Value = "SMT"; VariantName = "[No Variations]"
Change component parameters (AddParameter): Name = "Pins"; Value = "2"; VariantName = "[No Variations]"
Change component parameters (AddParameter): Name = "Power"; Value = "100mW"; VariantName = "[No Variations]"
Change component parameters (AddParameter): Name = "RoHS Compliant"; Value = ""; VariantName = "[No Variations]"
Change component parameters (AddParameter): Name = "Tolerance"; Value = "5%"; VariantName = "[No Variations]"
Change component parameters (AddParameter): Name = "Value"; Value = "10k"; VariantName = "[No Variations]"
Change component parameters (AddParameter): Name = "Voltage Rating"; Value = ""; VariantName = "[No Variations]"
Added Component: Designator=P4(SMTC-FTSH-110-01-L-DV_V)
Add component (AddParameter): Name = "Catalog Drawings"; Value = "FTSHSeriesFTSHSeriesSMTSide"; VariantName = "[No Variations]"
Add component (AddParameter): Name = "Category"; Value = "Connectors,Interconnects"; VariantName = "[No Variations]"
Add component (AddParameter): Name = "Color"; Value = "Black"; VariantName = "[No Variations]"
Add component (AddParameter): Name = "Connector Type"; Value = "Header,Unshrouded"; VariantName = "[No Variations]"
Add component (AddParameter): Name = "Contact Finish"; Value = "Gold"; VariantName = "[No Variations]"
Add component (AddParameter): Name = "Contact Finish Thickness"; Value = "10µin(0.25µm)"; VariantName = "[No Variations]"
Add component (AddParameter): Name = "Contact Mating Length"; Value = "0.120"(3.05mm)"; VariantName = "[No Variations]"
Add component (AddParameter): Name = "Contact Type"; Value = "MalePin"; VariantName = "[No Variations]"
Add component (AddParameter): Name = "Datasheet URL"; Value = "http://suddendocs.samtec.com/catalog_english/ftsh_smt.pdf"; VariantName = "[No Variations]"
Add component (AddParameter): Name = "Datasheet Version"; Value = "F-215 , 02/2016"; VariantName = "[No Variations]"
Add component (AddParameter): Name = "EDA / CAD Models"; Value = "DownloadfromAcceleratedDesigns"; VariantName = "[No Variations]"
Add component (AddParameter): Name = "Family"; Value = "RectangularConnectors-Headers,MalePins"; VariantName = "[No Variations]"
Add component (AddParameter): Name = "Fastening Type"; Value = "-"; VariantName = "[No Variations]"
Add component (AddParameter): Name = "Featured Product"; Value = "Board-To-BoardInterconnectSystems"; VariantName = "[No Variations]"
Add component (AddParameter): Name = "Features"; Value = "-"; VariantName = "[No Variations]"
Add component (AddParameter): Name = "Manufacturer"; Value = "Samtec"; VariantName = "[No Variations]"
Add component (AddParameter): Name = "Manufacturer URL"; Value = "http://www.samtec.com/"; VariantName = "[No Variations]"
Add component (AddParameter): Name = "Mating Products"; Value = "SAM9021-ND-CONNRECEPT20POS.50"SMTFLE-110-01-G-DV-TR-ND-CONNSKT1.27MM20POSDUALSMDFLE-110-01-G-DV-K-TR-ND-CONNSKT1.27MM20POSDUALSMDFLE-110-01-G-DV-A-K-TR-ND-CONNSKT1.27MM20POSDUALSMDSFMC-110-L2-S-D-P-TR-ND-CONN.05"SURFACE20POSSMTSAM1153-10-ND-CONNRCPT20POSDUAL.05"SMDSAM1155-10-ND-CONNRCPT20POSDUAL.05"SMDSAM1154-10-ND-CONNRCPT20POSDUAL.05"SMDSFMC-110-L3-S-D-ND-CONN.05"SURFACE20POSSTRAIGHTSFMC-110-02-S-D-ND-CONN.05"SURFACE20POSSMTSAM1226-10-ND-CONNRCPT.05"20POSDUALSMD"; VariantName = "[No Variations]"
Add component (AddParameter): Name = "Mounting Technology"; Value = "SurfaceMount"; VariantName = "[No Variations]"
Add component (AddParameter): Name = "Mounting Type"; Value = "SurfaceMount"; VariantName = "[No Variations]"
Add component (AddParameter): Name = "Number of Positions"; Value = "20"; VariantName = "[No Variations]"
Add component (AddParameter): Name = "Number of Positions Loaded"; Value = "All"; VariantName = "[No Variations]"
Add component (AddParameter): Name = "Number of Rows"; Value = "2"; VariantName = "[No Variations]"
Add component (AddParameter): Name = "Online Catalog"; Value = "FTSHSeries"; VariantName = "[No Variations]"
Add component (AddParameter): Name = "Other Names"; Value = "SAM1161-10"; VariantName = "[No Variations]"
Add component (AddParameter): Name = "Package Description"; Value = "Male Header, Pitch 1.27 mm, 2 x 10 Position, Height 6.1 mm"; VariantName = "[No Variations]"
Add component (AddParameter): Name = "Package Reference"; Value = "FTSH-110-01-L-DV"; VariantName = "[No Variations]"
Add component (AddParameter): Name = "Package URL"; Value = "http://suddendocs.samtec.com/prints/ftsh-1xx-xx-xxx-dv-xxx-xxx-mkt.pdf"; VariantName = "[No Variations]"
Add component (AddParameter): Name = "Packaging"; Value = "Bulk"; VariantName = "[No Variations]"
Add component (AddParameter): Name = "Pitch"; Value = "0.050"(1.27mm)"; VariantName = "[No Variations]"
Add component (AddParameter): Name = "Product Training Modules"; Value = "Board-to-BoardConnectors"; VariantName = "[No Variations]"
Add component (AddParameter): Name = "Row Spacing"; Value = "0.050"(1.27mm)"; VariantName = "[No Variations]"
Add component (AddParameter): Name = "Series"; Value = "FTSH"; VariantName = "[No Variations]"
Add component (AddParameter): Name = "Standard Package"; Value = "1"; VariantName = "[No Variations]"
Add component (AddParameter): Name = "Termination"; Value = "Solder"; VariantName = "[No Variations]"
Added Component: Designator=P5(SMTC-FTSH-110-01-L-DV_V)
Add component (AddParameter): Name = "Catalog Drawings"; Value = "FTSHSeriesFTSHSeriesSMTSide"; VariantName = "[No Variations]"
Add component (AddParameter): Name = "Category"; Value = "Connectors,Interconnects"; VariantName = "[No Variations]"
Add component (AddParameter): Name = "Color"; Value = "Black"; VariantName = "[No Variations]"
Add component (AddParameter): Name = "Connector Type"; Value = "Header,Unshrouded"; VariantName = "[No Variations]"
Add component (AddParameter): Name = "Contact Finish"; Value = "Gold"; VariantName = "[No Variations]"
Add component (AddParameter): Name = "Contact Finish Thickness"; Value = "10µin(0.25µm)"; VariantName = "[No Variations]"
Add component (AddParameter): Name = "Contact Mating Length"; Value = "0.120"(3.05mm)"; VariantName = "[No Variations]"
Add component (AddParameter): Name = "Contact Type"; Value = "MalePin"; VariantName = "[No Variations]"
Add component (AddParameter): Name = "Datasheet URL"; Value = "http://suddendocs.samtec.com/catalog_english/ftsh_smt.pdf"; VariantName = "[No Variations]"
Add component (AddParameter): Name = "Datasheet Version"; Value = "F-215 , 02/2016"; VariantName = "[No Variations]"
Add component (AddParameter): Name = "EDA / CAD Models"; Value = "DownloadfromAcceleratedDesigns"; VariantName = "[No Variations]"
Add component (AddParameter): Name = "Family"; Value = "RectangularConnectors-Headers,MalePins"; VariantName = "[No Variations]"
Add component (AddParameter): Name = "Fastening Type"; Value = "-"; VariantName = "[No Variations]"
Add component (AddParameter): Name = "Featured Product"; Value = "Board-To-BoardInterconnectSystems"; VariantName = "[No Variations]"
Add component (AddParameter): Name = "Features"; Value = "-"; VariantName = "[No Variations]"
Add component (AddParameter): Name = "Manufacturer"; Value = "Samtec"; VariantName = "[No Variations]"
Add component (AddParameter): Name = "Manufacturer URL"; Value = "http://www.samtec.com/"; VariantName = "[No Variations]"
Add component (AddParameter): Name = "Mating Products"; Value = "SAM9021-ND-CONNRECEPT20POS.50"SMTFLE-110-01-G-DV-TR-ND-CONNSKT1.27MM20POSDUALSMDFLE-110-01-G-DV-K-TR-ND-CONNSKT1.27MM20POSDUALSMDFLE-110-01-G-DV-A-K-TR-ND-CONNSKT1.27MM20POSDUALSMDSFMC-110-L2-S-D-P-TR-ND-CONN.05"SURFACE20POSSMTSAM1153-10-ND-CONNRCPT20POSDUAL.05"SMDSAM1155-10-ND-CONNRCPT20POSDUAL.05"SMDSAM1154-10-ND-CONNRCPT20POSDUAL.05"SMDSFMC-110-L3-S-D-ND-CONN.05"SURFACE20POSSTRAIGHTSFMC-110-02-S-D-ND-CONN.05"SURFACE20POSSMTSAM1226-10-ND-CONNRCPT.05"20POSDUALSMD"; VariantName = "[No Variations]"
Add component (AddParameter): Name = "Mounting Technology"; Value = "SurfaceMount"; VariantName = "[No Variations]"
Add component (AddParameter): Name = "Mounting Type"; Value = "SurfaceMount"; VariantName = "[No Variations]"
Add component (AddParameter): Name = "Number of Positions"; Value = "20"; VariantName = "[No Variations]"
Add component (AddParameter): Name = "Number of Positions Loaded"; Value = "All"; VariantName = "[No Variations]"
Add component (AddParameter): Name = "Number of Rows"; Value = "2"; VariantName = "[No Variations]"
Add component (AddParameter): Name = "Online Catalog"; Value = "FTSHSeries"; VariantName = "[No Variations]"
Add component (AddParameter): Name = "Other Names"; Value = "SAM1161-10"; VariantName = "[No Variations]"
Add component (AddParameter): Name = "Package Description"; Value = "Male Header, Pitch 1.27 mm, 2 x 10 Position, Height 6.1 mm"; VariantName = "[No Variations]"
Add component (AddParameter): Name = "Package Reference"; Value = "FTSH-110-01-L-DV"; VariantName = "[No Variations]"
Add component (AddParameter): Name = "Package URL"; Value = "http://suddendocs.samtec.com/prints/ftsh-1xx-xx-xxx-dv-xxx-xxx-mkt.pdf"; VariantName = "[No Variations]"
Add component (AddParameter): Name = "Packaging"; Value = "Bulk"; VariantName = "[No Variations]"
Add component (AddParameter): Name = "Pitch"; Value = "0.050"(1.27mm)"; VariantName = "[No Variations]"
Add component (AddParameter): Name = "Product Training Modules"; Value = "Board-to-BoardConnectors"; VariantName = "[No Variations]"
Add component (AddParameter): Name = "Row Spacing"; Value = "0.050"(1.27mm)"; VariantName = "[No Variations]"
Add component (AddParameter): Name = "Series"; Value = "FTSH"; VariantName = "[No Variations]"
Add component (AddParameter): Name = "Standard Package"; Value = "1"; VariantName = "[No Variations]"
Add component (AddParameter): Name = "Termination"; Value = "Solder"; VariantName = "[No Variations]"
Add Pin To Net: Unknown Pin: Pin SB1-0
Add Pin To Net: Unknown Pin: Pin SB2-0
Add Net: Net with name "+3V3" already exists
Added Pin To Net: NetName=PE0 Pin=P3-1
Added Pin To Net: NetName=PE0 Pin=U1-C4
Added Net: Name=PE0
Added Pin To Net: NetName=PE1 Pin=P3-3
Added Pin To Net: NetName=PE1 Pin=U1-B4
Added Net: Name=PE1
Added Pin To Net: NetName=PE3 Pin=P3-5
Added Pin To Net: NetName=PE3 Pin=U1-D3
Added Net: Name=PE3
Added Pin To Net: NetName=PE4 Pin=P3-7
Added Pin To Net: NetName=PE4 Pin=U1-D2
Added Net: Name=PE4
Added Pin To Net: NetName=PE5 Pin=P3-9
Added Pin To Net: NetName=PE5 Pin=U1-D1
Added Net: Name=PE5
Added Pin To Net: NetName=PE6 Pin=P3-11
Added Pin To Net: NetName=PE6 Pin=U1-E5
Added Net: Name=PE6
Added Pin To Net: NetName=PE7 Pin=P3-13
Added Pin To Net: NetName=PE7 Pin=U1-U9
Added Net: Name=PE7
Added Pin To Net: NetName=PE8 Pin=P3-15
Added Pin To Net: NetName=PE8 Pin=U1-T9
Added Net: Name=PE8
Added Pin To Net: NetName=PE9 Pin=P3-17
Added Pin To Net: NetName=PE9 Pin=U1-P9
Added Net: Name=PE9
Added Pin To Net: NetName=PE10 Pin=P3-19
Added Pin To Net: NetName=PE10 Pin=U1-N9
Added Net: Name=PE10
Added Pin To Net: NetName=PE11 Pin=P3-2
Added Pin To Net: NetName=PE11 Pin=U1-P10
Added Net: Name=PE11
Added Pin To Net: NetName=PE12 Pin=P3-4
Added Pin To Net: NetName=PE12 Pin=U1-R10
Added Net: Name=PE12
Added Pin To Net: NetName=PE13 Pin=P3-6
Added Pin To Net: NetName=PE13 Pin=U1-T10
Added Net: Name=PE13
Added Pin To Net: NetName=PE14 Pin=P3-8
Added Pin To Net: NetName=PE14 Pin=U1-U10
Added Net: Name=PE14
Added Pin To Net: NetName=PE15 Pin=P3-10
Added Pin To Net: NetName=PE15 Pin=U1-R11
Added Net: Name=PE15
Added Pin To Net: NetName=PF0 Pin=P3-12
Added Pin To Net: NetName=PF0 Pin=U1-G4
Added Net: Name=PF0
Added Pin To Net: NetName=PF1 Pin=P3-14
Added Pin To Net: NetName=PF1 Pin=U1-G3
Added Net: Name=PF1
Added Pin To Net: NetName=PF2 Pin=P3-16
Added Pin To Net: NetName=PF2 Pin=U1-G1
Added Net: Name=PF2
Added Pin To Net: NetName=PF3 Pin=P3-18
Added Pin To Net: NetName=PF3 Pin=U1-H4
Added Net: Name=PF3
Added Pin To Net: NetName=PF4 Pin=P3-20
Added Pin To Net: NetName=PF4 Pin=U1-J5
Added Net: Name=PF4
Added Pin To Net: NetName=PF5 Pin=P2-1
Added Pin To Net: NetName=PF5 Pin=U1-J4
Added Net: Name=PF5
Added Pin To Net: NetName=PF7 Pin=P2-3
Added Pin To Net: NetName=PF7 Pin=U1-K3
Added Net: Name=PF7
Added Pin To Net: NetName=PF8 Pin=P2-5
Added Pin To Net: NetName=PF8 Pin=U1-K4
Added Net: Name=PF8
Added Pin To Net: NetName=PF9 Pin=P2-7
Added Pin To Net: NetName=PF9 Pin=U1-L4
Added Net: Name=PF9
Added Pin To Net: NetName=PF13 Pin=P2-9
Added Pin To Net: NetName=PF13 Pin=U1-P7
Added Net: Name=PF13
Added Pin To Net: NetName=PF14 Pin=P2-11
Added Pin To Net: NetName=PF14 Pin=U1-P8
Added Net: Name=PF14
Added Pin To Net: NetName=PF15 Pin=P2-13
Added Pin To Net: NetName=PF15 Pin=U1-R9
Added Net: Name=PF15
Added Pin To Net: NetName=PG0 Pin=P2-15
Added Pin To Net: NetName=PG0 Pin=U1-T8
Added Net: Name=PG0
Added Pin To Net: NetName=PG1 Pin=P2-17
Added Pin To Net: NetName=PG1 Pin=U1-U8
Added Net: Name=PG1
Added Pin To Net: NetName=PG2 Pin=P2-19
Added Pin To Net: NetName=PG2 Pin=U1-H16
Added Net: Name=PG2
Added Pin To Net: NetName=PG3 Pin=P2-2
Added Pin To Net: NetName=PG3 Pin=U1-H15
Added Net: Name=PG3
Added Pin To Net: NetName=PG4 Pin=P2-4
Added Pin To Net: NetName=PG4 Pin=U1-H14
Added Net: Name=PG4
Added Pin To Net: NetName=PG5 Pin=P2-6
Added Pin To Net: NetName=PG5 Pin=U1-G14
Added Net: Name=PG5
Added Pin To Net: NetName=PG6 Pin=P2-8
Added Pin To Net: NetName=PG6 Pin=U1-G15
Added Net: Name=PG6
Added Pin To Net: NetName=PG7 Pin=P2-10
Added Pin To Net: NetName=PG7 Pin=U1-F16
Added Net: Name=PG7
Added Pin To Net: NetName=PG8 Pin=P2-12
Added Pin To Net: NetName=PG8 Pin=U1-F15
Added Net: Name=PG8
Added Pin To Net: NetName=PG11 Pin=P2-14
Added Pin To Net: NetName=PG11 Pin=U1-C9
Added Net: Name=PG11
Added Pin To Net: NetName=PG12 Pin=P2-16
Added Pin To Net: NetName=PG12 Pin=U1-D9
Added Net: Name=PG12
Added Pin To Net: NetName=PG13 Pin=P2-18
Added Pin To Net: NetName=PG13 Pin=U1-D8
Added Net: Name=PG13
Added Pin To Net: NetName=PG14 Pin=P2-20
Added Pin To Net: NetName=PG14 Pin=U1-D6
Added Net: Name=PG14
Added Pin To Net: NetName=PI0 Pin=P4-1
Added Pin To Net: NetName=PI0 Pin=U1-A16
Added Net: Name=PI0
Added Pin To Net: NetName=PI1 Pin=P4-3
Added Pin To Net: NetName=PI1 Pin=U1-A15
Added Net: Name=PI1
Added Pin To Net: NetName=PI2 Pin=P4-5
Added Pin To Net: NetName=PI2 Pin=U1-B15
Added Net: Name=PI2
Added Pin To Net: NetName=PI3 Pin=P4-7
Added Pin To Net: NetName=PI3 Pin=U1-C14
Added Net: Name=PI3
Added Pin To Net: NetName=PI4 Pin=P4-9
Added Pin To Net: NetName=PI4 Pin=U1-A4
Added Net: Name=PI4
Added Pin To Net: NetName=PI5 Pin=P4-11
Added Pin To Net: NetName=PI5 Pin=U1-A3
Added Net: Name=PI5
Added Pin To Net: NetName=PI6 Pin=P4-13
Added Pin To Net: NetName=PI6 Pin=U1-A2
Added Net: Name=PI6
Added Pin To Net: NetName=PI7 Pin=P4-15
Added Pin To Net: NetName=PI7 Pin=U1-B3
Added Net: Name=PI7
Added Pin To Net: NetName=PI8 Pin=P4-17
Added Pin To Net: NetName=PI8 Pin=U1-E4
Added Net: Name=PI8
Added Pin To Net: NetName=PI9 Pin=P4-19
Added Pin To Net: NetName=PI9 Pin=U1-E2
Added Net: Name=PI9
Added Pin To Net: NetName=PI10 Pin=P4-2
Added Pin To Net: NetName=PI10 Pin=U1-F3
Added Net: Name=PI10
Added Pin To Net: NetName=PI11 Pin=P4-4
Added Pin To Net: NetName=PI11 Pin=U1-F4
Added Net: Name=PI11
Added Pin To Net: NetName=PI12 Pin=P4-6
Added Pin To Net: NetName=PI12 Pin=U1-H1
Added Net: Name=PI12
Added Pin To Net: NetName=PI13 Pin=P4-8
Added Pin To Net: NetName=PI13 Pin=U1-H2
Added Net: Name=PI13
Added Pin To Net: NetName=PI14 Pin=P4-10
Added Pin To Net: NetName=PI14 Pin=U1-H3
Added Net: Name=PI14
Added Pin To Net: NetName=PI15 Pin=P4-12
Added Pin To Net: NetName=PI15 Pin=U1-P5
Added Net: Name=PI15
Added Pin To Net: NetName=PJ0 Pin=P4-14
Added Pin To Net: NetName=PJ0 Pin=U1-N6
Added Net: Name=PJ0
Added Pin To Net: NetName=PJ1 Pin=P4-16
Added Pin To Net: NetName=PJ1 Pin=U1-P6
Added Net: Name=PJ1
Added Pin To Net: NetName=PJ2 Pin=P4-18
Added Pin To Net: NetName=PJ2 Pin=U1-T6
Added Net: Name=PJ2
Added Pin To Net: NetName=PJ3 Pin=P4-20
Added Pin To Net: NetName=PJ3 Pin=U1-U6
Added Net: Name=PJ3
Added Pin To Net: NetName=PJ4 Pin=P5-1
Added Pin To Net: NetName=PJ4 Pin=U1-U7
Added Net: Name=PJ4
Added Pin To Net: NetName=PJ5 Pin=P5-3
Added Pin To Net: NetName=PJ5 Pin=U1-R12
Added Net: Name=PJ5
Added Pin To Net: NetName=PJ6 Pin=P5-5
Added Pin To Net: NetName=PJ6 Pin=U1-N15
Added Net: Name=PJ6
Added Pin To Net: NetName=PJ7 Pin=P5-7
Added Pin To Net: NetName=PJ7 Pin=U1-N14
Added Net: Name=PJ7
Added Pin To Net: NetName=PJ8 Pin=P5-9
Added Pin To Net: NetName=PJ8 Pin=U1-N13
Added Net: Name=PJ8
Added Pin To Net: NetName=PJ9 Pin=P5-11
Added Pin To Net: NetName=PJ9 Pin=U1-M14
Added Net: Name=PJ9
Added Pin To Net: NetName=PJ10 Pin=P5-13
Added Pin To Net: NetName=PJ10 Pin=U1-L14
Added Net: Name=PJ10
Added Pin To Net: NetName=PJ11 Pin=P5-15
Added Pin To Net: NetName=PJ11 Pin=U1-K14
Added Net: Name=PJ11
Added Pin To Net: NetName=PJ12 Pin=P5-17
Added Pin To Net: NetName=PJ12 Pin=U1-D11
Added Net: Name=PJ12
Added Pin To Net: NetName=PJ13 Pin=P5-19
Added Pin To Net: NetName=PJ13 Pin=U1-E10
Added Net: Name=PJ13
Added Pin To Net: NetName=PJ14 Pin=P5-2
Added Pin To Net: NetName=PJ14 Pin=U1-D10
Added Net: Name=PJ14
Added Pin To Net: NetName=PJ15 Pin=P5-4
Added Pin To Net: NetName=PJ15 Pin=U1-B10
Added Net: Name=PJ15
Added Pin To Net: NetName=PK0 Pin=P5-6
Added Pin To Net: NetName=PK0 Pin=U1-J14
Added Net: Name=PK0
Added Pin To Net: NetName=PK1 Pin=P5-8
Added Pin To Net: NetName=PK1 Pin=U1-J15
Added Net: Name=PK1
Added Pin To Net: NetName=PK2 Pin=P5-10
Added Pin To Net: NetName=PK2 Pin=U1-H17
Added Net: Name=PK2
Added Pin To Net: NetName=PK3 Pin=P5-12
Added Pin To Net: NetName=PK3 Pin=U1-C8
Added Net: Name=PK3
Added Pin To Net: NetName=PK4 Pin=P5-14
Added Pin To Net: NetName=PK4 Pin=U1-B8
Added Net: Name=PK4
Added Pin To Net: NetName=PK5 Pin=P5-16
Added Pin To Net: NetName=PK5 Pin=U1-A8
Added Net: Name=PK5
Added Pin To Net: NetName=PK6 Pin=P5-18
Added Pin To Net: NetName=PK6 Pin=U1-C7
Added Net: Name=PK6
Added Pin To Net: NetName=PK7 Pin=P5-20
Added Pin To Net: NetName=PK7 Pin=U1-D7
Added Net: Name=PK7
Added Member To Class: ClassName=MCU Member=Component P4 FTSH-110-01-L-DV
Added Member To Class: ClassName=MCU Member=Component P5 FTSH-110-01-L-DV
