Removed Pin From Net: NetName=PF5 Pin=P2-1
Removed Pin From Net: NetName=PG3 Pin=P2-2
Removed Pin From Net: NetName=PF7 Pin=P2-3
Removed Pin From Net: NetName=PG4 Pin=P2-4
Removed Pin From Net: NetName=PF8 Pin=P2-5
Removed Pin From Net: NetName=PG5 Pin=P2-6
Removed Pin From Net: NetName=PF9 Pin=P2-7
Removed Pin From Net: NetName=PG6 Pin=P2-8
Removed Pin From Net: NetName=PF13 Pin=P2-9
Removed Pin From Net: NetName=PG7 Pin=P2-10
Removed Pin From Net: NetName=PF14 Pin=P2-11
Removed Pin From Net: NetName=PG8 Pin=P2-12
Removed Pin From Net: NetName=PF15 Pin=P2-13
Removed Pin From Net: NetName=PG11 Pin=P2-14
Removed Pin From Net: NetName=PG0 Pin=P2-15
Removed Pin From Net: NetName=PG12 Pin=P2-16
Removed Pin From Net: NetName=PG1 Pin=P2-17
Removed Pin From Net: NetName=PG13 Pin=P2-18
Removed Pin From Net: NetName=PG2 Pin=P2-19
Removed Pin From Net: NetName=PG14 Pin=P2-20
Removed Pin From Net: NetName=PE0 Pin=P3-1
Removed Pin From Net: NetName=PE11 Pin=P3-2
Removed Pin From Net: NetName=PE1 Pin=P3-3
Removed Pin From Net: NetName=PE12 Pin=P3-4
Removed Pin From Net: NetName=PE3 Pin=P3-5
Removed Pin From Net: NetName=PE13 Pin=P3-6
Removed Pin From Net: NetName=PE4 Pin=P3-7
Removed Pin From Net: NetName=PE14 Pin=P3-8
Removed Pin From Net: NetName=PE5 Pin=P3-9
Removed Pin From Net: NetName=PE15 Pin=P3-10
Removed Pin From Net: NetName=PE6 Pin=P3-11
Removed Pin From Net: NetName=PF0 Pin=P3-12
Removed Pin From Net: NetName=PE7 Pin=P3-13
Removed Pin From Net: NetName=PF1 Pin=P3-14
Removed Pin From Net: NetName=PE8 Pin=P3-15
Removed Pin From Net: NetName=PF2 Pin=P3-16
Removed Pin From Net: NetName=PE9 Pin=P3-17
Removed Pin From Net: NetName=PF3 Pin=P3-18
Removed Pin From Net: NetName=PE10 Pin=P3-19
Removed Pin From Net: NetName=PF4 Pin=P3-20
Removed Pin From Net: NetName=PI0 Pin=P4-1
Removed Pin From Net: NetName=PI10 Pin=P4-2
Removed Pin From Net: NetName=PI1 Pin=P4-3
Removed Pin From Net: NetName=PI11 Pin=P4-4
Removed Pin From Net: NetName=PI2 Pin=P4-5
Removed Pin From Net: NetName=PI12 Pin=P4-6
Removed Pin From Net: NetName=PI3 Pin=P4-7
Removed Pin From Net: NetName=PI13 Pin=P4-8
Removed Pin From Net: NetName=PI4 Pin=P4-9
Removed Pin From Net: NetName=PI14 Pin=P4-10
Removed Pin From Net: NetName=PI5 Pin=P4-11
Removed Pin From Net: NetName=PI15 Pin=P4-12
Removed Pin From Net: NetName=PI6 Pin=P4-13
Removed Pin From Net: NetName=PJ0 Pin=P4-14
Removed Pin From Net: NetName=PI7 Pin=P4-15
Removed Pin From Net: NetName=PJ1 Pin=P4-16
Removed Pin From Net: NetName=PI8 Pin=P4-17
Removed Pin From Net: NetName=PJ2 Pin=P4-18
Removed Pin From Net: NetName=PI9 Pin=P4-19
Removed Pin From Net: NetName=PJ3 Pin=P4-20
Removed Pin From Net: NetName=PJ4 Pin=P5-1
Removed Pin From Net: NetName=PJ14 Pin=P5-2
Removed Pin From Net: NetName=PJ5 Pin=P5-3
Removed Pin From Net: NetName=PJ15 Pin=P5-4
Removed Pin From Net: NetName=PJ6 Pin=P5-5
Removed Pin From Net: NetName=PK0 Pin=P5-6
Removed Pin From Net: NetName=PJ7 Pin=P5-7
Removed Pin From Net: NetName=PK1 Pin=P5-8
Removed Pin From Net: NetName=PJ8 Pin=P5-9
Removed Pin From Net: NetName=PK2 Pin=P5-10
Removed Pin From Net: NetName=PJ9 Pin=P5-11
Removed Pin From Net: NetName=PK3 Pin=P5-12
Removed Pin From Net: NetName=PJ10 Pin=P5-13
Removed Pin From Net: NetName=PK4 Pin=P5-14
Removed Pin From Net: NetName=PJ11 Pin=P5-15
Removed Pin From Net: NetName=PK5 Pin=P5-16
Removed Pin From Net: NetName=PJ12 Pin=P5-17
Removed Pin From Net: NetName=PK6 Pin=P5-18
Removed Pin From Net: NetName=PJ13 Pin=P5-19
Removed Pin From Net: NetName=PK7 Pin=P5-20
Removed Pin From Net: NetName=GND Pin=U7-33
Removed Member From Class: ClassName=MCU Member=P2
Removed Member From Class: ClassName=MCU Member=P3
Removed Member From Class: ClassName=MCU Member=P4
Removed Member From Class: ClassName=MCU Member=P5
Add Pin To Net: Unknown Pin: Pin SB1-0
Add Pin To Net: Unknown Pin: Pin SB2-0
Add Net: Net with name "+3V3" already exists
